<?xml version="1.0" encoding="UTF-8"?>
<!-- Generated by org.testng.reporters.JUnitReportReporter -->
<testsuite hostname="LAPTOP-085J8J9J" failures="0" tests="4" name="testsLayer.OrderHistory_Test" time="109.544" errors="0" timestamp="14 Jan 2021 23:03:27 GMT">
  <testcase classname="testsLayer.OrderHistory_Test" name="TC_82_Order_History_page_select_any_year_from_last_10years" time="26.717"/>
  <testcase classname="testsLayer.OrderHistory_Test" name="TC_81_Order_History_page" time="28.399"/>
  <testcase classname="testsLayer.OrderHistory_Test" name="TC_83_Order_history_noOrder_placed" time="23.777"/>
  <testcase classname="testsLayer.OrderHistory_Test" name="TC_84_Order_History_Start_Shopping_link" time="30.651"/>
</testsuite> <!-- testsLayer.OrderHistory_Test -->
