<?xml version="1.0" encoding="UTF-8"?>
<!-- Generated by org.testng.reporters.JUnitReportReporter -->
<testsuite hostname="LAPTOP-085J8J9J" failures="0" tests="3" name="testsLayer.CreditCard_Test" time="85.826" errors="0" timestamp="15 Jan 2021 00:00:26 GMT">
  <testcase classname="testsLayer.CreditCard_Test" name="TC_46_CreditCard_page" time="22.111"/>
  <testcase classname="testsLayer.CreditCard_Test" name="Tc_47_CreditCard_page_Edi_or_add_creditcard_validdata" time="34.408"/>
  <testcase classname="testsLayer.CreditCard_Test" name="TC_48_CreditCard_page_Edit_or_add_creditcard_Invaliddata" time="29.307"/>
</testsuite> <!-- testsLayer.CreditCard_Test -->
