<?xml version="1.0" encoding="UTF-8"?>
<!-- Generated by org.testng.reporters.JUnitReportReporter -->
<testsuite hostname="LAPTOP-085J8J9J" failures="0" tests="2" name="testsLayer.Addresses_Test" time="57.981" errors="0" timestamp="14 Jan 2021 23:49:38 GMT">
  <testcase classname="testsLayer.Addresses_Test" name="TC_42_Addresses_page_add_address_with_valid_data" time="27.580"/>
  <testcase classname="testsLayer.Addresses_Test" name="TC_43_Addresses_page_add_address_with_Invalid_data" time="30.401"/>
</testsuite> <!-- testsLayer.Addresses_Test -->
