<?xml version="1.0" encoding="UTF-8"?>
<!-- Generated by org.testng.reporters.JUnitReportReporter -->
<testsuite hostname="LAPTOP-085J8J9J" failures="0" tests="4" name="testsLayer.MyAccount_Test" time="147.873" errors="0" timestamp="14 Jan 2021 23:21:10 GMT">
  <testcase classname="testsLayer.MyAccount_Test" name="TC_41_My_account_page_clickOn_view_order" time="27.347"/>
  <testcase classname="testsLayer.MyAccount_Test" name="TC_39_My_account_page_modification_of_orders_with_valid_ordernum" time="44.235"/>
  <testcase classname="testsLayer.MyAccount_Test" name="TC_40_My_account_page_modification_of_orders_with_Invalid_ordernum" time="46.426"/>
  <testcase classname="testsLayer.MyAccount_Test" name="TC_36_My_Account_page_shipping_num" time="29.865"/>
</testsuite> <!-- testsLayer.MyAccount_Test -->
